

============================== 2024-02-19 04:14:09.207273 | b7a7b38a-ee77-474e-b786-6d976a151940 ==============================
04:14:09.207273 [info ] [MainThread]: Running with dbt=1.1.5
04:14:09.212642 [debug] [MainThread]: running dbt with arguments {'write_json': True, 'use_colors': True, 'printer_width': 80, 'version_check': True, 'partial_parse': True, 'static_parser': True, 'profiles_dir': 'C:\\Users\\graem\\.dbt', 'send_anonymous_usage_stats': True, 'event_buffer_size': 100000, 'quiet': False, 'no_print': False, 'cache_selected_only': False, 'project_name': 'dbt-demo', 'skip_profile_setup': False, 'which': 'init', 'indirect_selection': 'eager'}
04:14:09.212642 [debug] [MainThread]: Tracking: tracking
04:14:09.234148 [debug] [MainThread]: Sending event: {'category': 'dbt', 'action': 'invocation', 'label': 'start', 'context': [<snowplow_tracker.self_describing_json.SelfDescribingJson object at 0x0000028D35F41F70>, <snowplow_tracker.self_describing_json.SelfDescribingJson object at 0x0000028D35F41670>, <snowplow_tracker.self_describing_json.SelfDescribingJson object at 0x0000028D35F41220>]}
04:14:26.494557 [debug] [MainThread]: Starter project path: C:\Users\graem\dbt_project\dbt_venv\lib\site-packages\dbt\include\starter_project
04:14:34.265522 [info ] [MainThread]: 
Your new dbt project "dbt_project" was created!

For more information on how to configure the profiles.yml file,
please consult the dbt documentation here:

  https://docs.getdbt.com/docs/configure-your-profile

One more thing:

Need help? Don't hesitate to reach out to us via GitHub issues or on Slack:

  https://community.getdbt.com/

Happy modeling!

04:14:34.265522 [debug] [MainThread]: Sending event: {'category': 'dbt', 'action': 'invocation', 'label': 'end', 'context': [<snowplow_tracker.self_describing_json.SelfDescribingJson object at 0x0000028D35F38E20>, <snowplow_tracker.self_describing_json.SelfDescribingJson object at 0x0000028D35F38C70>, <snowplow_tracker.self_describing_json.SelfDescribingJson object at 0x0000028D35F38C10>]}


============================== 2024-02-19 05:08:14.288288 | 4163043d-e97d-42c2-a7a3-8efbafd5f532 ==============================
05:08:14.288288 [info ] [MainThread]: Running with dbt=1.1.5
05:08:14.288830 [debug] [MainThread]: running dbt with arguments {'write_json': True, 'use_colors': True, 'printer_width': 80, 'version_check': True, 'partial_parse': True, 'static_parser': True, 'profiles_dir': 'C:\\Users\\graem\\.dbt', 'send_anonymous_usage_stats': True, 'event_buffer_size': 100000, 'quiet': False, 'no_print': False, 'cache_selected_only': False, 'config_dir': False, 'which': 'debug', 'indirect_selection': 'eager'}
05:08:14.288830 [debug] [MainThread]: Tracking: tracking
05:08:14.308936 [debug] [MainThread]: Sending event: {'category': 'dbt', 'action': 'invocation', 'label': 'start', 'context': [<snowplow_tracker.self_describing_json.SelfDescribingJson object at 0x000001D9E0521F40>, <snowplow_tracker.self_describing_json.SelfDescribingJson object at 0x000001D9E0521100>, <snowplow_tracker.self_describing_json.SelfDescribingJson object at 0x000001D9E0521220>]}
05:08:14.401074 [debug] [MainThread]: Executing "git --help"
05:08:14.430124 [debug] [MainThread]: STDOUT: "b"usage: git [-v | --version] [-h | --help] [-C <path>] [-c <name>=<value>]\n           [--exec-path[=<path>]] [--html-path] [--man-path] [--info-path]\n           [-p | --paginate | -P | --no-pager] [--no-replace-objects] [--bare]\n           [--git-dir=<path>] [--work-tree=<path>] [--namespace=<name>]\n           [--super-prefix=<path>] [--config-env=<name>=<envvar>]\n           <command> [<args>]\n\nThese are common Git commands used in various situations:\n\nstart a working area (see also: git help tutorial)\n   clone     Clone a repository into a new directory\n   init      Create an empty Git repository or reinitialize an existing one\n\nwork on the current change (see also: git help everyday)\n   add       Add file contents to the index\n   mv        Move or rename a file, a directory, or a symlink\n   restore   Restore working tree files\n   rm        Remove files from the working tree and from the index\n\nexamine the history and state (see also: git help revisions)\n   bisect    Use binary search to find the commit that introduced a bug\n   diff      Show changes between commits, commit and working tree, etc\n   grep      Print lines matching a pattern\n   log       Show commit logs\n   show      Show various types of objects\n   status    Show the working tree status\n\ngrow, mark and tweak your common history\n   branch    List, create, or delete branches\n   commit    Record changes to the repository\n   merge     Join two or more development histories together\n   rebase    Reapply commits on top of another base tip\n   reset     Reset current HEAD to the specified state\n   switch    Switch branches\n   tag       Create, list, delete or verify a tag object signed with GPG\n\ncollaborate (see also: git help workflows)\n   fetch     Download objects and refs from another repository\n   pull      Fetch from and integrate with another repository or a local branch\n   push      Update remote refs along with associated objects\n\n'git help -a' and 'git help -g' list available subcommands and some\nconcept guides. See 'git help <command>' or 'git help <concept>'\nto read about a specific subcommand or concept.\nSee 'git help git' for an overview of the system.\n""
05:08:14.430124 [debug] [MainThread]: STDERR: "b''"
05:08:14.438124 [debug] [MainThread]: Sending event: {'category': 'dbt', 'action': 'invocation', 'label': 'end', 'context': [<snowplow_tracker.self_describing_json.SelfDescribingJson object at 0x000001D9E0718850>, <snowplow_tracker.self_describing_json.SelfDescribingJson object at 0x000001D9E0718AF0>, <snowplow_tracker.self_describing_json.SelfDescribingJson object at 0x000001D9E07181F0>]}


============================== 2024-02-19 05:11:20.695249 | 0010fe29-c42d-4a84-801a-d9ff8aee7663 ==============================
05:11:20.695249 [info ] [MainThread]: Running with dbt=1.1.5
05:11:20.695249 [debug] [MainThread]: running dbt with arguments {'write_json': True, 'use_colors': True, 'printer_width': 80, 'version_check': True, 'partial_parse': True, 'static_parser': True, 'profiles_dir': 'C:\\Users\\graem\\.dbt', 'send_anonymous_usage_stats': True, 'event_buffer_size': 100000, 'quiet': False, 'no_print': False, 'cache_selected_only': False, 'config_dir': False, 'which': 'debug', 'indirect_selection': 'eager'}
05:11:20.695249 [debug] [MainThread]: Tracking: tracking
05:11:20.718373 [debug] [MainThread]: Sending event: {'category': 'dbt', 'action': 'invocation', 'label': 'start', 'context': [<snowplow_tracker.self_describing_json.SelfDescribingJson object at 0x0000020694151F10>, <snowplow_tracker.self_describing_json.SelfDescribingJson object at 0x0000020694151190>, <snowplow_tracker.self_describing_json.SelfDescribingJson object at 0x0000020694151FD0>]}
05:11:20.780714 [debug] [MainThread]: Executing "git --help"
05:11:20.808135 [debug] [MainThread]: STDOUT: "b"usage: git [-v | --version] [-h | --help] [-C <path>] [-c <name>=<value>]\n           [--exec-path[=<path>]] [--html-path] [--man-path] [--info-path]\n           [-p | --paginate | -P | --no-pager] [--no-replace-objects] [--bare]\n           [--git-dir=<path>] [--work-tree=<path>] [--namespace=<name>]\n           [--super-prefix=<path>] [--config-env=<name>=<envvar>]\n           <command> [<args>]\n\nThese are common Git commands used in various situations:\n\nstart a working area (see also: git help tutorial)\n   clone     Clone a repository into a new directory\n   init      Create an empty Git repository or reinitialize an existing one\n\nwork on the current change (see also: git help everyday)\n   add       Add file contents to the index\n   mv        Move or rename a file, a directory, or a symlink\n   restore   Restore working tree files\n   rm        Remove files from the working tree and from the index\n\nexamine the history and state (see also: git help revisions)\n   bisect    Use binary search to find the commit that introduced a bug\n   diff      Show changes between commits, commit and working tree, etc\n   grep      Print lines matching a pattern\n   log       Show commit logs\n   show      Show various types of objects\n   status    Show the working tree status\n\ngrow, mark and tweak your common history\n   branch    List, create, or delete branches\n   commit    Record changes to the repository\n   merge     Join two or more development histories together\n   rebase    Reapply commits on top of another base tip\n   reset     Reset current HEAD to the specified state\n   switch    Switch branches\n   tag       Create, list, delete or verify a tag object signed with GPG\n\ncollaborate (see also: git help workflows)\n   fetch     Download objects and refs from another repository\n   pull      Fetch from and integrate with another repository or a local branch\n   push      Update remote refs along with associated objects\n\n'git help -a' and 'git help -g' list available subcommands and some\nconcept guides. See 'git help <command>' or 'git help <concept>'\nto read about a specific subcommand or concept.\nSee 'git help git' for an overview of the system.\n""
05:11:20.808135 [debug] [MainThread]: STDERR: "b''"
05:11:20.814491 [debug] [MainThread]: Sending event: {'category': 'dbt', 'action': 'invocation', 'label': 'end', 'context': [<snowplow_tracker.self_describing_json.SelfDescribingJson object at 0x0000020694345A60>, <snowplow_tracker.self_describing_json.SelfDescribingJson object at 0x0000020694345CA0>, <snowplow_tracker.self_describing_json.SelfDescribingJson object at 0x0000020694345B50>]}


============================== 2024-02-19 06:03:06.313746 | bd130a19-64f9-499b-a520-56e25f2847fc ==============================
06:03:06.314750 [info ] [MainThread]: Running with dbt=1.1.5
06:03:06.314750 [debug] [MainThread]: running dbt with arguments {'write_json': True, 'use_colors': True, 'printer_width': 80, 'version_check': True, 'partial_parse': True, 'static_parser': True, 'profiles_dir': 'C:\\Users\\graem\\.dbt', 'send_anonymous_usage_stats': True, 'event_buffer_size': 100000, 'quiet': False, 'no_print': False, 'cache_selected_only': False, 'config_dir': False, 'which': 'debug', 'indirect_selection': 'eager'}
06:03:06.315745 [debug] [MainThread]: Tracking: tracking
06:03:06.329948 [debug] [MainThread]: Sending event: {'category': 'dbt', 'action': 'invocation', 'label': 'start', 'context': [<snowplow_tracker.self_describing_json.SelfDescribingJson object at 0x0000026E6FFC0C10>, <snowplow_tracker.self_describing_json.SelfDescribingJson object at 0x0000026E6FFC0550>, <snowplow_tracker.self_describing_json.SelfDescribingJson object at 0x0000026E6FFC0940>]}
06:03:06.384475 [debug] [MainThread]: Executing "git --help"
06:03:06.420208 [debug] [MainThread]: STDOUT: "b"usage: git [-v | --version] [-h | --help] [-C <path>] [-c <name>=<value>]\n           [--exec-path[=<path>]] [--html-path] [--man-path] [--info-path]\n           [-p | --paginate | -P | --no-pager] [--no-replace-objects] [--bare]\n           [--git-dir=<path>] [--work-tree=<path>] [--namespace=<name>]\n           [--super-prefix=<path>] [--config-env=<name>=<envvar>]\n           <command> [<args>]\n\nThese are common Git commands used in various situations:\n\nstart a working area (see also: git help tutorial)\n   clone     Clone a repository into a new directory\n   init      Create an empty Git repository or reinitialize an existing one\n\nwork on the current change (see also: git help everyday)\n   add       Add file contents to the index\n   mv        Move or rename a file, a directory, or a symlink\n   restore   Restore working tree files\n   rm        Remove files from the working tree and from the index\n\nexamine the history and state (see also: git help revisions)\n   bisect    Use binary search to find the commit that introduced a bug\n   diff      Show changes between commits, commit and working tree, etc\n   grep      Print lines matching a pattern\n   log       Show commit logs\n   show      Show various types of objects\n   status    Show the working tree status\n\ngrow, mark and tweak your common history\n   branch    List, create, or delete branches\n   commit    Record changes to the repository\n   merge     Join two or more development histories together\n   rebase    Reapply commits on top of another base tip\n   reset     Reset current HEAD to the specified state\n   switch    Switch branches\n   tag       Create, list, delete or verify a tag object signed with GPG\n\ncollaborate (see also: git help workflows)\n   fetch     Download objects and refs from another repository\n   pull      Fetch from and integrate with another repository or a local branch\n   push      Update remote refs along with associated objects\n\n'git help -a' and 'git help -g' list available subcommands and some\nconcept guides. See 'git help <command>' or 'git help <concept>'\nto read about a specific subcommand or concept.\nSee 'git help git' for an overview of the system.\n""
06:03:06.420208 [debug] [MainThread]: STDERR: "b''"
06:03:06.426208 [debug] [MainThread]: Acquiring new mysql connection "debug"
06:03:06.426208 [debug] [MainThread]: Using mysql connection "debug"
06:03:06.426208 [debug] [MainThread]: On debug: select 1 as id
06:03:06.426208 [debug] [MainThread]: Opening a new connection, currently in state init
06:03:06.434736 [debug] [MainThread]: SQL status: SUCCESS 1 in 0.01 seconds
06:03:06.435735 [debug] [MainThread]: On debug: Close
06:03:06.439735 [debug] [MainThread]: Sending event: {'category': 'dbt', 'action': 'invocation', 'label': 'end', 'context': [<snowplow_tracker.self_describing_json.SelfDescribingJson object at 0x0000026E701D3370>, <snowplow_tracker.self_describing_json.SelfDescribingJson object at 0x0000026E701F02B0>, <snowplow_tracker.self_describing_json.SelfDescribingJson object at 0x0000026E701F09D0>]}
06:03:06.910395 [debug] [MainThread]: Connection 'debug' was properly closed.
